c:\users\eqhsp\.antigravity\a2a_mcp\a2a_mcp\build\ghost-void_engine.dir\debug\vc142.pdb
c:\users\eqhsp\.antigravity\a2a_mcp\a2a_mcp\build\ghost-void_engine.dir\debug\boss.obj
c:\users\eqhsp\.antigravity\a2a_mcp\a2a_mcp\build\ghost-void_engine.dir\debug\avatar.obj
c:\users\eqhsp\.antigravity\a2a_mcp\a2a_mcp\build\ghost-void_engine.dir\debug\worldmodel.obj
c:\users\eqhsp\.antigravity\a2a_mcp\a2a_mcp\build\ghost-void_engine.dir\debug\spriterenderer.obj
c:\users\eqhsp\.antigravity\a2a_mcp\a2a_mcp\build\ghost-void_engine.dir\debug\sandbox.obj
c:\users\eqhsp\.antigravity\a2a_mcp\a2a_mcp\build\ghost-void_engine.dir\debug\physics.obj
c:\users\eqhsp\.antigravity\a2a_mcp\a2a_mcp\build\ghost-void_engine.dir\debug\orchestrator.obj
c:\users\eqhsp\.antigravity\a2a_mcp\a2a_mcp\build\ghost-void_engine.dir\debug\monsterbattle.obj
c:\users\eqhsp\.antigravity\a2a_mcp\a2a_mcp\build\ghost-void_engine.dir\debug\citysimulation.obj
c:\users\eqhsp\.antigravity\a2a_mcp\a2a_mcp\build\ghost-void_engine.dir\debug\main.obj
c:\users\eqhsp\.antigravity\a2a_mcp\a2a_mcp\build\cmakefiles\generate.stamp
c:\users\eqhsp\.antigravity\a2a_mcp\a2a_mcp\build\ghost-void_engine.dir\debug\ghost-void_engine.ilk
c:\users\eqhsp\.antigravity\a2a_mcp\a2a_mcp\bin\debug\ghost-void_engine.exe
c:\users\eqhsp\.antigravity\a2a_mcp\a2a_mcp\bin\debug\ghost-void_engine.pdb
c:\users\eqhsp\.antigravity\a2a_mcp\a2a_mcp\build\ghost-void_engine.dir\debug\ghost-vo.158fc23b.tlog\cl.command.1.tlog
c:\users\eqhsp\.antigravity\a2a_mcp\a2a_mcp\build\ghost-void_engine.dir\debug\ghost-vo.158fc23b.tlog\cl.read.1.tlog
c:\users\eqhsp\.antigravity\a2a_mcp\a2a_mcp\build\ghost-void_engine.dir\debug\ghost-vo.158fc23b.tlog\cl.write.1.tlog
c:\users\eqhsp\.antigravity\a2a_mcp\a2a_mcp\build\ghost-void_engine.dir\debug\ghost-vo.158fc23b.tlog\custombuild.command.1.tlog
c:\users\eqhsp\.antigravity\a2a_mcp\a2a_mcp\build\ghost-void_engine.dir\debug\ghost-vo.158fc23b.tlog\custombuild.read.1.tlog
c:\users\eqhsp\.antigravity\a2a_mcp\a2a_mcp\build\ghost-void_engine.dir\debug\ghost-vo.158fc23b.tlog\custombuild.write.1.tlog
c:\users\eqhsp\.antigravity\a2a_mcp\a2a_mcp\build\ghost-void_engine.dir\debug\ghost-vo.158fc23b.tlog\link.command.1.tlog
c:\users\eqhsp\.antigravity\a2a_mcp\a2a_mcp\build\ghost-void_engine.dir\debug\ghost-vo.158fc23b.tlog\link.read.1.tlog
c:\users\eqhsp\.antigravity\a2a_mcp\a2a_mcp\build\ghost-void_engine.dir\debug\ghost-vo.158fc23b.tlog\link.write.1.tlog
